<?xml version="1.0" encoding="UTF-8"?>
<testng-results ignored="0" total="2" passed="2" failed="0" skipped="0">
  <reporter-output>
  </reporter-output>
  <suite started-at="2025-04-26T18:32:23 PKT" name="Master Suite" finished-at="2025-04-26T18:32:44 PKT" duration-ms="20097">
    <groups>
      <group name="Master">
        <method signature="TC001_AccountRegistrationTest.verify_account_registation()[pri:0, instance:testCases.TC001_AccountRegistrationTest@5b12b668]" name="verify_account_registation" class="testCases.TC001_AccountRegistrationTest"/>
        <method signature="TC002_LoginTest.verify_login()[pri:0, instance:testCases.TC002_LoginTest@44c03695]" name="verify_login" class="testCases.TC002_LoginTest"/>
      </group> <!-- Master -->
      <group name="Sanity">
        <method signature="TC002_LoginTest.verify_login()[pri:0, instance:testCases.TC002_LoginTest@44c03695]" name="verify_login" class="testCases.TC002_LoginTest"/>
      </group> <!-- Sanity -->
      <group name="Regression">
        <method signature="TC001_AccountRegistrationTest.verify_account_registation()[pri:0, instance:testCases.TC001_AccountRegistrationTest@5b12b668]" name="verify_account_registation" class="testCases.TC001_AccountRegistrationTest"/>
      </group> <!-- Regression -->
    </groups>
    <test started-at="2025-04-26T18:32:23 PKT" name="Test" finished-at="2025-04-26T18:32:44 PKT" duration-ms="20097">
      <class name="testCases.TC002_LoginTest">
        <test-method is-config="true" signature="setup(java.lang.String,java.lang.String)[pri:0, instance:testCases.TC002_LoginTest@44c03695]" started-at="2025-04-26T18:32:37 PKT" name="setup" finished-at="2025-04-26T18:32:41 PKT" duration-ms="3643" status="PASS">
          <params>
            <param index="0">
              <value>
                <![CDATA[Windows]]>
              </value>
            </param>
            <param index="1">
              <value>
                <![CDATA[chrome]]>
              </value>
            </param>
          </params>
          <reporter-output>
          </reporter-output>
        </test-method> <!-- setup -->
        <test-method signature="verify_login()[pri:0, instance:testCases.TC002_LoginTest@44c03695]" started-at="2025-04-26T18:32:41 PKT" name="verify_login" finished-at="2025-04-26T18:32:43 PKT" duration-ms="2369" status="PASS">
          <reporter-output>
          </reporter-output>
        </test-method> <!-- verify_login -->
        <test-method is-config="true" signature="tearDown()[pri:0, instance:testCases.TC002_LoginTest@44c03695]" started-at="2025-04-26T18:32:43 PKT" name="tearDown" finished-at="2025-04-26T18:32:44 PKT" duration-ms="306" status="PASS">
          <reporter-output>
          </reporter-output>
        </test-method> <!-- tearDown -->
      </class> <!-- testCases.TC002_LoginTest -->
      <class name="testCases.TC001_AccountRegistrationTest">
        <test-method is-config="true" signature="setup(java.lang.String,java.lang.String)[pri:0, instance:testCases.TC001_AccountRegistrationTest@5b12b668]" started-at="2025-04-26T18:32:24 PKT" name="setup" finished-at="2025-04-26T18:32:32 PKT" duration-ms="8137" status="PASS">
          <params>
            <param index="0">
              <value>
                <![CDATA[Windows]]>
              </value>
            </param>
            <param index="1">
              <value>
                <![CDATA[chrome]]>
              </value>
            </param>
          </params>
          <reporter-output>
          </reporter-output>
        </test-method> <!-- setup -->
        <test-method signature="verify_account_registation()[pri:0, instance:testCases.TC001_AccountRegistrationTest@5b12b668]" started-at="2025-04-26T18:32:32 PKT" name="verify_account_registation" finished-at="2025-04-26T18:32:37 PKT" duration-ms="4432" status="PASS">
          <reporter-output>
          </reporter-output>
        </test-method> <!-- verify_account_registation -->
        <test-method is-config="true" signature="tearDown()[pri:0, instance:testCases.TC001_AccountRegistrationTest@5b12b668]" started-at="2025-04-26T18:32:37 PKT" name="tearDown" finished-at="2025-04-26T18:32:37 PKT" duration-ms="437" status="PASS">
          <reporter-output>
          </reporter-output>
        </test-method> <!-- tearDown -->
      </class> <!-- testCases.TC001_AccountRegistrationTest -->
    </test> <!-- Test -->
  </suite> <!-- Master Suite -->
</testng-results>
